
> onnrides@0.1.0 build
> next build

node.exe :  ΓÜá You 
are using a 
non-standard 
"NODE_ENV" value in 
your environment. 
This creates 
inconsistencies in 
the project and is 
strongly advised 
against. Read more: h
ttps://nextjs.org/doc
s/messages/non-standa
rd-node-env
At line:1 char:1
+ & "C:\Program Files
\nodejs/node.exe" 
"C:\Program 
Files\nodejs/node_mo 
...
+ ~~~~~~~~~~~~~~~~~~~
~~~~~~~~~~~~~~~~~~~~~
~~~~~~~~~~~~~~~~~~~~~
~~~~~~~~
    + CategoryInfo   
           : NotSpe  
  cified: ( ΓÜá Yo   
 u are us...andar    
d-node-env:Strin    
g) [], RemoteExc    
eption
    + FullyQualified 
   ErrorId : Native  
  CommandError
 
  Γû▓ Next.js 14.2.3
  - Environments: .env

   Creating an optimized production build ...
 Γ£ô Compiled successfully
   Skipping validation of types
   Skipping linting
   Collecting page data ...
[ERROR] Razorpay 
connection test 
failed: {
  error: {
    statusCode: 401,
    error: { 
description: 
'Authentication 
failed', code: 
'BAD_REQUEST_ERROR' }
  },
  message: undefined,
  description: 
undefined,
  code: undefined
}
   Generating static pages (0/116) ...
Error: <Html> should 
not be imported 
outside of 
pages/_document.
Read more: https://ne
xtjs.org/docs/message
s/no-document-import-
in-page
    at Z (D:\onnrides
\node_modules\next\di
st\compiled\next-serv
er\pages.runtime.prod
.js:16:5430)
    at I (D:\onnrides
\.next\server\chunks\
1682.js:6:1263)
    at 
renderWithHooks (D:\o
nnrides\node_modules\
react-dom\cjs\react-d
om-server.browser.dev
elopment.js:5658:16)
    at renderIndeterm
inateComponent (D:\on
nrides\node_modules\r
eact-dom\cjs\react-do
m-server.browser.deve
lopment.js:5732:15)
    at renderElement 
(D:\onnrides\node_mod
ules\react-dom\cjs\re
act-dom-server.browse
r.development.js:5957
:7)
    at renderNodeDest
ructiveImpl (D:\onnri
des\node_modules\reac
t-dom\cjs\react-dom-s
erver.browser.develop
ment.js:6115:11)
    at renderNodeDest
ructive (D:\onnrides\
node_modules\react-do
m\cjs\react-dom-serve
r.browser.development
.js:6087:14)
    at 
finishClassComponent 
(D:\onnrides\node_mod
ules\react-dom\cjs\re
act-dom-server.browse
r.development.js:5688
:3)
    at 
renderClassComponent 
(D:\onnrides\node_mod
ules\react-dom\cjs\re
act-dom-server.browse
r.development.js:5696
:3)
    at renderElement 
(D:\onnrides\node_mod
ules\react-dom\cjs\re
act-dom-server.browse
r.development.js:5954
:7)

Error occurred 
prerendering page 
"/500". Read more: ht
tps://nextjs.org/docs
/messages/prerender-e
rror

Error: <Html> should 
not be imported 
outside of 
pages/_document.
Read more: https://ne
xtjs.org/docs/message
s/no-document-import-
in-page
    at Z (D:\onnrides
\node_modules\next\di
st\compiled\next-serv
er\pages.runtime.prod
.js:16:5430)
    at I (D:\onnrides
\.next\server\chunks\
1682.js:6:1263)
    at 
renderWithHooks (D:\o
nnrides\node_modules\
react-dom\cjs\react-d
om-server.browser.dev
elopment.js:5658:16)
    at renderIndeterm
inateComponent (D:\on
nrides\node_modules\r
eact-dom\cjs\react-do
m-server.browser.deve
lopment.js:5732:15)
    at renderElement 
(D:\onnrides\node_mod
ules\react-dom\cjs\re
act-dom-server.browse
r.development.js:5957
:7)
    at renderNodeDest
ructiveImpl (D:\onnri
des\node_modules\reac
t-dom\cjs\react-dom-s
erver.browser.develop
ment.js:6115:11)
    at renderNodeDest
ructive (D:\onnrides\
node_modules\react-do
m\cjs\react-dom-serve
r.browser.development
.js:6087:14)
    at 
finishClassComponent 
(D:\onnrides\node_mod
ules\react-dom\cjs\re
act-dom-server.browse
r.development.js:5688
:3)
    at 
renderClassComponent 
(D:\onnrides\node_mod
ules\react-dom\cjs\re
act-dom-server.browse
r.development.js:5696
:3)
    at renderElement 
(D:\onnrides\node_mod
ules\react-dom\cjs\re
act-dom-server.browse
r.development.js:5954
:7)
Error: <Html> should 
not be imported 
outside of 
pages/_document.
Read more: https://ne
xtjs.org/docs/message
s/no-document-import-
in-page
    at Z (D:\onnrides
\node_modules\next\di
st\compiled\next-serv
er\pages.runtime.prod
.js:16:5430)
    at I (D:\onnrides
\.next\server\chunks\
1682.js:6:1263)
    at 
renderWithHooks (D:\o
nnrides\node_modules\
react-dom\cjs\react-d
om-server.browser.dev
elopment.js:5658:16)
    at renderIndeterm
inateComponent (D:\on
nrides\node_modules\r
eact-dom\cjs\react-do
m-server.browser.deve
lopment.js:5732:15)
    at renderElement 
(D:\onnrides\node_mod
ules\react-dom\cjs\re
act-dom-server.browse
r.development.js:5957
:7)
    at renderNodeDest
ructiveImpl (D:\onnri
des\node_modules\reac
t-dom\cjs\react-dom-s
erver.browser.develop
ment.js:6115:11)
    at renderNodeDest
ructive (D:\onnrides\
node_modules\react-do
m\cjs\react-dom-serve
r.browser.development
.js:6087:14)
    at 
finishClassComponent 
(D:\onnrides\node_mod
ules\react-dom\cjs\re
act-dom-server.browse
r.development.js:5688
:3)
    at 
renderClassComponent 
(D:\onnrides\node_mod
ules\react-dom\cjs\re
act-dom-server.browse
r.development.js:5696
:3)
    at renderElement 
(D:\onnrides\node_mod
ules\react-dom\cjs\re
act-dom-server.browse
r.development.js:5954
:7)

Error occurred 
prerendering page 
"/404". Read more: ht
tps://nextjs.org/docs
/messages/prerender-e
rror

Error: <Html> should 
not be imported 
outside of 
pages/_document.
Read more: https://ne
xtjs.org/docs/message
s/no-document-import-
in-page
    at Z (D:\onnrides
\node_modules\next\di
st\compiled\next-serv
er\pages.runtime.prod
.js:16:5430)
    at I (D:\onnrides
\.next\server\chunks\
1682.js:6:1263)
    at 
renderWithHooks (D:\o
nnrides\node_modules\
react-dom\cjs\react-d
om-server.browser.dev
elopment.js:5658:16)
    at renderIndeterm
inateComponent (D:\on
nrides\node_modules\r
eact-dom\cjs\react-do
m-server.browser.deve
lopment.js:5732:15)
    at renderElement 
(D:\onnrides\node_mod
ules\react-dom\cjs\re
act-dom-server.browse
r.development.js:5957
:7)
    at renderNodeDest
ructiveImpl (D:\onnri
des\node_modules\reac
t-dom\cjs\react-dom-s
erver.browser.develop
ment.js:6115:11)
    at renderNodeDest
ructive (D:\onnrides\
node_modules\react-do
m\cjs\react-dom-serve
r.browser.development
.js:6087:14)
    at 
finishClassComponent 
(D:\onnrides\node_mod
ules\react-dom\cjs\re
act-dom-server.browse
r.development.js:5688
:3)
    at 
renderClassComponent 
(D:\onnrides\node_mod
ules\react-dom\cjs\re
act-dom-server.browse
r.development.js:5696
:3)
    at renderElement 
(D:\onnrides\node_mod
ules\react-dom\cjs\re
act-dom-server.browse
r.development.js:5954
:7)
   Generating static pages (29/116) 
[WARN] WaSender API 
credentials not 
configured. At least 
one of 
WASENDER_API_KEY or W
ASENDER_PERSONAL_ACCE
SS_TOKEN is 
required. 
[ERROR] WaSender 
service not 
initialized 
[ERROR] Razorpay 
connection test 
failed: {
  error: {
    statusCode: 401,
    error: { 
description: 
'Authentication 
failed', code: 
'BAD_REQUEST_ERROR' }
  },
  message: undefined,
  description: 
undefined,
  code: undefined
}
   Generating static pages (58/116) 
   Generating static pages (87/116) 
 Γ£ô Generating static pages (116/116)

> Export encountered 
errors on following 
paths:
	/_error: /404
	/_error: /500
